mode: atomic
github.com/NeowayLabs/go-tfidf/similarity/similarity.go:9.129,15.45 4 2
github.com/NeowayLabs/go-tfidf/similarity/similarity.go:20.2,20.52 1 2
github.com/NeowayLabs/go-tfidf/similarity/similarity.go:30.2,30.26 1 2
github.com/NeowayLabs/go-tfidf/similarity/similarity.go:16.10,17.40 1 2
github.com/NeowayLabs/go-tfidf/similarity/similarity.go:20.52,22.23 2 2
github.com/NeowayLabs/go-tfidf/similarity/similarity.go:27.3,27.50 1 1
github.com/NeowayLabs/go-tfidf/similarity/similarity.go:22.23,25.9 3 1
github.com/NeowayLabs/go-tfidf/similarity/similarity.go:33.47,34.22 1 4
github.com/NeowayLabs/go-tfidf/similarity/similarity.go:38.2,38.69 1 2
github.com/NeowayLabs/go-tfidf/similarity/similarity.go:34.22,36.3 1 2
github.com/NeowayLabs/go-tfidf/similarity/similarity.go:41.48,44.27 2 5
github.com/NeowayLabs/go-tfidf/similarity/similarity.go:48.2,48.30 1 5
github.com/NeowayLabs/go-tfidf/similarity/similarity.go:44.27,46.3 1 25
github.com/NeowayLabs/go-tfidf/similarity/similarity.go:51.63,52.34 1 4
github.com/NeowayLabs/go-tfidf/similarity/similarity.go:56.2,57.36 2 3
github.com/NeowayLabs/go-tfidf/similarity/similarity.go:61.2,61.15 1 3
github.com/NeowayLabs/go-tfidf/similarity/similarity.go:52.34,54.3 1 1
github.com/NeowayLabs/go-tfidf/similarity/similarity.go:57.36,59.3 1 15
github.com/NeowayLabs/go-tfidf/helper/helper.go:3.48,6.26 2 2
github.com/NeowayLabs/go-tfidf/helper/helper.go:12.2,12.20 1 2
github.com/NeowayLabs/go-tfidf/helper/helper.go:6.26,7.47 1 10
github.com/NeowayLabs/go-tfidf/helper/helper.go:7.47,9.4 1 8
github.com/NeowayLabs/go-tfidf/helper/helper.go:15.64,16.26 1 12
github.com/NeowayLabs/go-tfidf/helper/helper.go:22.2,22.14 1 9
github.com/NeowayLabs/go-tfidf/helper/helper.go:16.26,17.16 1 23
github.com/NeowayLabs/go-tfidf/helper/helper.go:17.16,19.4 1 3
github.com/NeowayLabs/go-tfidf/go_tfidf.go:19.51,20.32 1 1
github.com/NeowayLabs/go-tfidf/go_tfidf.go:27.2,27.64 1 1
github.com/NeowayLabs/go-tfidf/go_tfidf.go:20.32,26.3 4 3
github.com/NeowayLabs/go-tfidf/go_tfidf.go:30.65,34.29 3 4
github.com/NeowayLabs/go-tfidf/go_tfidf.go:38.2,38.34 1 4
github.com/NeowayLabs/go-tfidf/go_tfidf.go:34.29,36.3 1 22
github.com/NeowayLabs/go-tfidf/go_tfidf.go:41.42,43.41 1 1
github.com/NeowayLabs/go-tfidf/go_tfidf.go:43.41,45.3 1 14
github.com/NeowayLabs/go-tfidf/go_tfidf.go:48.90,50.32 2 16
github.com/NeowayLabs/go-tfidf/go_tfidf.go:57.2,57.31 1 16
github.com/NeowayLabs/go-tfidf/go_tfidf.go:61.2,61.12 1 0
github.com/NeowayLabs/go-tfidf/go_tfidf.go:50.32,52.70 2 44
github.com/NeowayLabs/go-tfidf/go_tfidf.go:52.70,54.4 1 20
github.com/NeowayLabs/go-tfidf/go_tfidf.go:57.31,59.3 1 16
github.com/NeowayLabs/go-tfidf/go_tfidf.go:65.89,69.25 3 1
github.com/NeowayLabs/go-tfidf/go_tfidf.go:73.2,73.63 1 1
github.com/NeowayLabs/go-tfidf/go_tfidf.go:88.2,88.25 1 1
github.com/NeowayLabs/go-tfidf/go_tfidf.go:69.25,71.3 1 0
github.com/NeowayLabs/go-tfidf/go_tfidf.go:73.63,75.35 2 3
github.com/NeowayLabs/go-tfidf/go_tfidf.go:75.35,78.36 3 6
github.com/NeowayLabs/go-tfidf/go_tfidf.go:81.4,81.55 1 6
github.com/NeowayLabs/go-tfidf/go_tfidf.go:84.4,84.61 1 6
github.com/NeowayLabs/go-tfidf/go_tfidf.go:78.36,80.5 1 4
github.com/NeowayLabs/go-tfidf/go_tfidf.go:81.55,83.5 1 6
github.com/NeowayLabs/go-tfidf/go_tfidf.go:91.68,96.25 4 1
github.com/NeowayLabs/go-tfidf/go_tfidf.go:100.2,102.34 2 1
github.com/NeowayLabs/go-tfidf/go_tfidf.go:108.2,108.19 1 1
github.com/NeowayLabs/go-tfidf/go_tfidf.go:96.25,98.3 1 0
github.com/NeowayLabs/go-tfidf/go_tfidf.go:102.34,106.3 3 2
github.com/NeowayLabs/go-tfidf/go_tfidf.go:111.43,113.2 1 1
github.com/NeowayLabs/go-tfidf/go_tfidf.go:115.19,123.2 1 2
