mode: atomic
github.com/NeowayLabs/go-tfidf/go_tfidf.go:16.51,17.32 1 0
github.com/NeowayLabs/go-tfidf/go_tfidf.go:17.32,23.3 4 0
github.com/NeowayLabs/go-tfidf/go_tfidf.go:26.65,30.29 3 0
github.com/NeowayLabs/go-tfidf/go_tfidf.go:34.2,34.34 1 0
github.com/NeowayLabs/go-tfidf/go_tfidf.go:30.29,32.3 1 0
github.com/NeowayLabs/go-tfidf/go_tfidf.go:37.42,38.41 1 0
github.com/NeowayLabs/go-tfidf/go_tfidf.go:38.41,40.3 1 0
github.com/NeowayLabs/go-tfidf/go_tfidf.go:43.72,45.32 2 0
github.com/NeowayLabs/go-tfidf/go_tfidf.go:51.2,51.31 1 0
github.com/NeowayLabs/go-tfidf/go_tfidf.go:55.2,55.12 1 0
github.com/NeowayLabs/go-tfidf/go_tfidf.go:45.32,46.68 1 0
github.com/NeowayLabs/go-tfidf/go_tfidf.go:46.68,48.4 1 0
github.com/NeowayLabs/go-tfidf/go_tfidf.go:51.31,53.3 1 0
github.com/NeowayLabs/go-tfidf/go_tfidf.go:59.86,63.25 3 0
github.com/NeowayLabs/go-tfidf/go_tfidf.go:67.2,67.63 1 0
github.com/NeowayLabs/go-tfidf/go_tfidf.go:82.2,82.20 1 0
github.com/NeowayLabs/go-tfidf/go_tfidf.go:63.25,65.3 1 0
github.com/NeowayLabs/go-tfidf/go_tfidf.go:67.63,69.35 2 0
github.com/NeowayLabs/go-tfidf/go_tfidf.go:69.35,72.36 3 0
github.com/NeowayLabs/go-tfidf/go_tfidf.go:75.4,75.55 1 0
github.com/NeowayLabs/go-tfidf/go_tfidf.go:78.4,78.61 1 0
github.com/NeowayLabs/go-tfidf/go_tfidf.go:72.36,74.5 1 0
github.com/NeowayLabs/go-tfidf/go_tfidf.go:75.55,77.5 1 0
github.com/NeowayLabs/go-tfidf/go_tfidf.go:85.62,90.25 4 0
github.com/NeowayLabs/go-tfidf/go_tfidf.go:94.2,96.34 2 0
github.com/NeowayLabs/go-tfidf/go_tfidf.go:102.2,102.19 1 0
github.com/NeowayLabs/go-tfidf/go_tfidf.go:90.25,92.3 1 0
github.com/NeowayLabs/go-tfidf/go_tfidf.go:96.34,100.3 3 0
github.com/NeowayLabs/go-tfidf/go_tfidf.go:105.43,107.2 1 0
github.com/NeowayLabs/go-tfidf/go_tfidf.go:117.19,125.2 1 0
github.com/NeowayLabs/go-tfidf/similarity/similarity.go:5.47,6.22 1 2
github.com/NeowayLabs/go-tfidf/similarity/similarity.go:10.2,10.69 1 1
github.com/NeowayLabs/go-tfidf/similarity/similarity.go:6.22,8.3 1 1
github.com/NeowayLabs/go-tfidf/similarity/similarity.go:13.48,16.27 2 3
github.com/NeowayLabs/go-tfidf/similarity/similarity.go:20.2,20.30 1 3
github.com/NeowayLabs/go-tfidf/similarity/similarity.go:16.27,18.3 1 15
github.com/NeowayLabs/go-tfidf/similarity/similarity.go:23.63,24.34 1 3
github.com/NeowayLabs/go-tfidf/similarity/similarity.go:28.2,29.36 2 2
github.com/NeowayLabs/go-tfidf/similarity/similarity.go:33.2,33.15 1 2
github.com/NeowayLabs/go-tfidf/similarity/similarity.go:24.34,26.3 1 1
github.com/NeowayLabs/go-tfidf/similarity/similarity.go:29.36,31.3 1 10
